
========================================================================
  *** NEW MATCHING JOBS FOUND -- 2026-03-07 07:03:40 UTC
========================================================================

  Title:      Additive Manufacturing Engineer
  ID:         5483846004
  Location:   Kent, Washington
  Department: 
  URL:        https://stokespace.com/careers/current-openings?gh_jid=5483846004
  Matched:    title contains "Engineer" → "Additive Manufacturing Engineer"
  Updated:    2026-01-09T13:26:02-05:00
  --------------------------------------------------------------------

  Title:      Avionics Electrical Design Engineer
  ID:         5803386004
  Location:   Kent, Washington
  Department: 
  URL:        https://stokespace.com/careers/current-openings?gh_jid=5803386004
  Matched:    title contains "Engineer" → "Avionics Electrical Design Engineer"
  Updated:    2026-02-13T11:19:56-05:00
  --------------------------------------------------------------------

  Title:      Avionics Electrical Design Engineer - Motor Controls
  ID:         5803396004
  Location:   Kent, Washington
  Department: 
  URL:        https://stokespace.com/careers/current-openings?gh_jid=5803396004
  Matched:    title contains "Engineer" → "Avionics Electrical Design Engineer - Motor Controls"
  Updated:    2026-02-19T15:50:57-05:00
  --------------------------------------------------------------------

  Title:      Avionics Electrical Development Test Engineer
  ID:         5117929004
  Location:   Kent, Washington
  Department: 
  URL:        https://stokespace.com/careers/current-openings?gh_jid=5117929004
  Matched:    title contains "Engineer" → "Avionics Electrical Development Test Engineer"
  Updated:    2026-02-04T16:22:42-05:00
  --------------------------------------------------------------------

  Title:      Avionics Manufacturing Engineer
  ID:         5803405004
  Location:   Kent, Washington
  Department: 
  URL:        https://stokespace.com/careers/current-openings?gh_jid=5803405004
  Matched:    title contains "Engineer" → "Avionics Manufacturing Engineer"
  Updated:    2026-02-12T18:37:49-05:00
  --------------------------------------------------------------------

  Title:      Avionics Mechanical Engineering Manager
  ID:         5710908004
  Location:   Kent, Washington
  Department: 
  URL:        https://stokespace.com/careers/current-openings?gh_jid=5710908004
  Matched:    title contains "Engineer" → "Avionics Mechanical Engineering Manager"
  Updated:    2026-01-09T14:23:32-05:00
  --------------------------------------------------------------------

  Title:      Avionics Senior Mechanical Engineer
  ID:         5496324004
  Location:   Kent, Washington
  Department: 
  URL:        https://stokespace.com/careers/current-openings?gh_jid=5496324004
  Matched:    title contains "Engineer" → "Avionics Senior Mechanical Engineer"
  Updated:    2026-02-12T12:57:51-05:00
  --------------------------------------------------------------------

  Title:      Fall 2026 Internship - Engineering
  ID:         5750263004
  Location:   Cape Canaveral, Florida; Kent, Washington; Moses Lake, Washington
  Department: 
  URL:        https://stokespace.com/careers/current-openings?gh_jid=5750263004
  Matched:    title contains "Engineer" → "Fall 2026 Internship - Engineering"; location contains "Cape Canaveral" → "Cape Canaveral, Florida; Kent, Washington; Moses Lake, Washington"
  Updated:    2026-02-02T12:50:12-05:00
  --------------------------------------------------------------------

  Title:      Information Security  Systems Engineer
  ID:         5555819004
  Location:   Kent, Washington
  Department: 
  URL:        https://stokespace.com/careers/current-openings?gh_jid=5555819004
  Matched:    title contains "Engineer" → "Information Security  Systems Engineer"
  Updated:    2026-03-03T12:24:43-05:00
  --------------------------------------------------------------------

  Title:      Launch Technician
  ID:         5809898004
  Location:   Cape Canaveral, Florida
  Department: 
  URL:        https://stokespace.com/careers/current-openings?gh_jid=5809898004
  Matched:    location contains "Cape Canaveral" → "Cape Canaveral, Florida"
  Updated:    2026-02-20T18:33:52-05:00
  --------------------------------------------------------------------

  Title:      Manufacturing Engineer - Machining
  ID:         5762570004
  Location:   Kent, Washington
  Department: 
  URL:        https://stokespace.com/careers/current-openings?gh_jid=5762570004
  Matched:    title contains "Engineer" → "Manufacturing Engineer - Machining"
  Updated:    2026-01-12T17:38:38-05:00
  --------------------------------------------------------------------

  Title:      Mission Operations Engineer
  ID:         5765070004
  Location:   Cape Canaveral, Florida
  Department: 
  URL:        https://stokespace.com/careers/current-openings?gh_jid=5765070004
  Matched:    title contains "Engineer" → "Mission Operations Engineer"; location contains "Cape Canaveral" → "Cape Canaveral, Florida"
  Updated:    2026-02-02T12:01:43-05:00
  --------------------------------------------------------------------

  Title:      Network Systems Engineer
  ID:         5695185004
  Location:   Cape Canaveral, Florida; Kent, Washington
  Department: 
  URL:        https://stokespace.com/careers/current-openings?gh_jid=5695185004
  Matched:    title contains "Engineer" → "Network Systems Engineer"; location contains "Cape Canaveral" → "Cape Canaveral, Florida; Kent, Washington"
  Updated:    2026-02-12T18:04:03-05:00
  --------------------------------------------------------------------

  Title:      Recovery Engineer
  ID:         5799792004
  Location:   Cape Canaveral, Florida
  Department: 
  URL:        https://stokespace.com/careers/current-openings?gh_jid=5799792004
  Matched:    title contains "Engineer" → "Recovery Engineer"; location contains "Cape Canaveral" → "Cape Canaveral, Florida"
  Updated:    2026-02-11T09:01:23-05:00
  --------------------------------------------------------------------

  Title:      Sales Engineer - Boltline
  ID:         5658002004
  Location:   Remote (US) 
  Department: 
  URL:        https://stokespace.com/careers/current-openings?gh_jid=5658002004
  Matched:    title contains "Engineer" → "Sales Engineer - Boltline"
  Updated:    2026-01-09T14:50:19-05:00
  --------------------------------------------------------------------

  Title:      Senior AI Software Engineer 
  ID:         5807704004
  Location:   Kent, Washington; Remote (US) 
  Department: 
  URL:        https://stokespace.com/careers/current-openings?gh_jid=5807704004
  Matched:    title contains "Engineer" → "Senior AI Software Engineer "
  Updated:    2026-02-19T15:28:05-05:00
  --------------------------------------------------------------------

  Title:      Senior Data Engineer
  ID:         5373715004
  Location:   Kent, Washington
  Department: 
  URL:        https://stokespace.com/careers/current-openings?gh_jid=5373715004
  Matched:    title contains "Engineer" → "Senior Data Engineer"
  Updated:    2026-01-27T15:09:19-05:00
  --------------------------------------------------------------------

  Title:      Senior Fluids Engineer 
  ID:         5401217004
  Location:   Kent, Washington
  Department: 
  URL:        https://stokespace.com/careers/current-openings?gh_jid=5401217004
  Matched:    title contains "Engineer" → "Senior Fluids Engineer "
  Updated:    2026-01-09T13:37:42-05:00
  --------------------------------------------------------------------

  Title:      Senior Propulsion Engineer 
  ID:         5518791004
  Location:   Kent, Washington
  Department: 
  URL:        https://stokespace.com/careers/current-openings?gh_jid=5518791004
  Matched:    title contains "Engineer" → "Senior Propulsion Engineer "
  Updated:    2026-01-09T13:28:49-05:00
  --------------------------------------------------------------------

  Title:      Senior Structures Design Engineer
  ID:         5379405004
  Location:   Kent, Washington
  Department: 
  URL:        https://stokespace.com/careers/current-openings?gh_jid=5379405004
  Matched:    title contains "Engineer" → "Senior Structures Design Engineer"
  Updated:    2026-01-09T18:43:15-05:00
  --------------------------------------------------------------------

  Title:      Software Engineer, Data Visualization 
  ID:         5710886004
  Location:   Kent, Washington
  Department: 
  URL:        https://stokespace.com/careers/current-openings?gh_jid=5710886004
  Matched:    title contains "Engineer" → "Software Engineer, Data Visualization "
  Updated:    2026-01-09T15:01:09-05:00
  --------------------------------------------------------------------

  Title:      Sr. Valves and Actuator Engineer   
  ID:         5708856004
  Location:   Kent, Washington
  Department: 
  URL:        https://stokespace.com/careers/current-openings?gh_jid=5708856004
  Matched:    title contains "Engineer" → "Sr. Valves and Actuator Engineer   "
  Updated:    2026-01-09T13:38:10-05:00
  --------------------------------------------------------------------

  Title:      Test Engineer
  ID:         5708088004
  Location:   Moses Lake, Washington
  Department: 
  URL:        https://stokespace.com/careers/current-openings?gh_jid=5708088004
  Matched:    title contains "Engineer" → "Test Engineer"
  Updated:    2026-01-09T13:38:39-05:00
  --------------------------------------------------------------------

  Title:      Test Stand Design Engineer
  ID:         5755856004
  Location:   Moses Lake, Washington
  Department: 
  URL:        https://stokespace.com/careers/current-openings?gh_jid=5755856004
  Matched:    title contains "Engineer" → "Test Stand Design Engineer"
  Updated:    2026-01-22T12:35:19-05:00
  --------------------------------------------------------------------

  Title:      Turbomachinery Engineer
  ID:         5628898004
  Location:   Kent, Washington
  Department: 
  URL:        https://stokespace.com/careers/current-openings?gh_jid=5628898004
  Matched:    title contains "Engineer" → "Turbomachinery Engineer"
  Updated:    2026-01-09T13:41:18-05:00
  --------------------------------------------------------------------

  Title:      Valves and Actuator Engineer   
  ID:         5710310004
  Location:   Kent, Washington
  Department: 
  URL:        https://stokespace.com/careers/current-openings?gh_jid=5710310004
  Matched:    title contains "Engineer" → "Valves and Actuator Engineer   "
  Updated:    2026-01-08T18:05:36-05:00
  --------------------------------------------------------------------

========================================================================
  *** NEW MATCHING JOBS FOUND -- 2026-03-07 07:03:58 UTC
========================================================================

  Title:      Additive Manufacturing Engineer
  ID:         5483846004
  Location:   Kent, Washington
  Department: 
  URL:        https://stokespace.com/careers/current-openings?gh_jid=5483846004
  Matched:    title contains "Engineer" -> "Additive Manufacturing Engineer"
  Updated:    2026-01-09T13:26:02-05:00
  --------------------------------------------------------------------

  Title:      Avionics Electrical Design Engineer
  ID:         5803386004
  Location:   Kent, Washington
  Department: 
  URL:        https://stokespace.com/careers/current-openings?gh_jid=5803386004
  Matched:    title contains "Engineer" -> "Avionics Electrical Design Engineer"
  Updated:    2026-02-13T11:19:56-05:00
  --------------------------------------------------------------------

  Title:      Avionics Electrical Design Engineer - Motor Controls
  ID:         5803396004
  Location:   Kent, Washington
  Department: 
  URL:        https://stokespace.com/careers/current-openings?gh_jid=5803396004
  Matched:    title contains "Engineer" -> "Avionics Electrical Design Engineer - Motor Controls"
  Updated:    2026-02-19T15:50:57-05:00
  --------------------------------------------------------------------

  Title:      Avionics Electrical Development Test Engineer
  ID:         5117929004
  Location:   Kent, Washington
  Department: 
  URL:        https://stokespace.com/careers/current-openings?gh_jid=5117929004
  Matched:    title contains "Engineer" -> "Avionics Electrical Development Test Engineer"
  Updated:    2026-02-04T16:22:42-05:00
  --------------------------------------------------------------------

  Title:      Avionics Manufacturing Engineer
  ID:         5803405004
  Location:   Kent, Washington
  Department: 
  URL:        https://stokespace.com/careers/current-openings?gh_jid=5803405004
  Matched:    title contains "Engineer" -> "Avionics Manufacturing Engineer"
  Updated:    2026-02-12T18:37:49-05:00
  --------------------------------------------------------------------

  Title:      Avionics Mechanical Engineering Manager
  ID:         5710908004
  Location:   Kent, Washington
  Department: 
  URL:        https://stokespace.com/careers/current-openings?gh_jid=5710908004
  Matched:    title contains "Engineer" -> "Avionics Mechanical Engineering Manager"
  Updated:    2026-01-09T14:23:32-05:00
  --------------------------------------------------------------------

  Title:      Avionics Senior Mechanical Engineer
  ID:         5496324004
  Location:   Kent, Washington
  Department: 
  URL:        https://stokespace.com/careers/current-openings?gh_jid=5496324004
  Matched:    title contains "Engineer" -> "Avionics Senior Mechanical Engineer"
  Updated:    2026-02-12T12:57:51-05:00
  --------------------------------------------------------------------

  Title:      Fall 2026 Internship - Engineering
  ID:         5750263004
  Location:   Cape Canaveral, Florida; Kent, Washington; Moses Lake, Washington
  Department: 
  URL:        https://stokespace.com/careers/current-openings?gh_jid=5750263004
  Matched:    title contains "Engineer" -> "Fall 2026 Internship - Engineering"; location contains "Cape Canaveral" -> "Cape Canaveral, Florida; Kent, Washington; Moses Lake, Washington"
  Updated:    2026-02-02T12:50:12-05:00
  --------------------------------------------------------------------

  Title:      Information Security  Systems Engineer
  ID:         5555819004
  Location:   Kent, Washington
  Department: 
  URL:        https://stokespace.com/careers/current-openings?gh_jid=5555819004
  Matched:    title contains "Engineer" -> "Information Security  Systems Engineer"
  Updated:    2026-03-03T12:24:43-05:00
  --------------------------------------------------------------------

  Title:      Launch Technician
  ID:         5809898004
  Location:   Cape Canaveral, Florida
  Department: 
  URL:        https://stokespace.com/careers/current-openings?gh_jid=5809898004
  Matched:    location contains "Cape Canaveral" -> "Cape Canaveral, Florida"
  Updated:    2026-02-20T18:33:52-05:00
  --------------------------------------------------------------------

  Title:      Manufacturing Engineer - Machining
  ID:         5762570004
  Location:   Kent, Washington
  Department: 
  URL:        https://stokespace.com/careers/current-openings?gh_jid=5762570004
  Matched:    title contains "Engineer" -> "Manufacturing Engineer - Machining"
  Updated:    2026-01-12T17:38:38-05:00
  --------------------------------------------------------------------

  Title:      Mission Operations Engineer
  ID:         5765070004
  Location:   Cape Canaveral, Florida
  Department: 
  URL:        https://stokespace.com/careers/current-openings?gh_jid=5765070004
  Matched:    title contains "Engineer" -> "Mission Operations Engineer"; location contains "Cape Canaveral" -> "Cape Canaveral, Florida"
  Updated:    2026-02-02T12:01:43-05:00
  --------------------------------------------------------------------

  Title:      Network Systems Engineer
  ID:         5695185004
  Location:   Cape Canaveral, Florida; Kent, Washington
  Department: 
  URL:        https://stokespace.com/careers/current-openings?gh_jid=5695185004
  Matched:    title contains "Engineer" -> "Network Systems Engineer"; location contains "Cape Canaveral" -> "Cape Canaveral, Florida; Kent, Washington"
  Updated:    2026-02-12T18:04:03-05:00
  --------------------------------------------------------------------

  Title:      Recovery Engineer
  ID:         5799792004
  Location:   Cape Canaveral, Florida
  Department: 
  URL:        https://stokespace.com/careers/current-openings?gh_jid=5799792004
  Matched:    title contains "Engineer" -> "Recovery Engineer"; location contains "Cape Canaveral" -> "Cape Canaveral, Florida"
  Updated:    2026-02-11T09:01:23-05:00
  --------------------------------------------------------------------

  Title:      Sales Engineer - Boltline
  ID:         5658002004
  Location:   Remote (US) 
  Department: 
  URL:        https://stokespace.com/careers/current-openings?gh_jid=5658002004
  Matched:    title contains "Engineer" -> "Sales Engineer - Boltline"
  Updated:    2026-01-09T14:50:19-05:00
  --------------------------------------------------------------------

  Title:      Senior AI Software Engineer 
  ID:         5807704004
  Location:   Kent, Washington; Remote (US) 
  Department: 
  URL:        https://stokespace.com/careers/current-openings?gh_jid=5807704004
  Matched:    title contains "Engineer" -> "Senior AI Software Engineer "
  Updated:    2026-02-19T15:28:05-05:00
  --------------------------------------------------------------------

  Title:      Senior Data Engineer
  ID:         5373715004
  Location:   Kent, Washington
  Department: 
  URL:        https://stokespace.com/careers/current-openings?gh_jid=5373715004
  Matched:    title contains "Engineer" -> "Senior Data Engineer"
  Updated:    2026-01-27T15:09:19-05:00
  --------------------------------------------------------------------

  Title:      Senior Fluids Engineer 
  ID:         5401217004
  Location:   Kent, Washington
  Department: 
  URL:        https://stokespace.com/careers/current-openings?gh_jid=5401217004
  Matched:    title contains "Engineer" -> "Senior Fluids Engineer "
  Updated:    2026-01-09T13:37:42-05:00
  --------------------------------------------------------------------

  Title:      Senior Propulsion Engineer 
  ID:         5518791004
  Location:   Kent, Washington
  Department: 
  URL:        https://stokespace.com/careers/current-openings?gh_jid=5518791004
  Matched:    title contains "Engineer" -> "Senior Propulsion Engineer "
  Updated:    2026-01-09T13:28:49-05:00
  --------------------------------------------------------------------

  Title:      Senior Structures Design Engineer
  ID:         5379405004
  Location:   Kent, Washington
  Department: 
  URL:        https://stokespace.com/careers/current-openings?gh_jid=5379405004
  Matched:    title contains "Engineer" -> "Senior Structures Design Engineer"
  Updated:    2026-01-09T18:43:15-05:00
  --------------------------------------------------------------------

  Title:      Software Engineer, Data Visualization 
  ID:         5710886004
  Location:   Kent, Washington
  Department: 
  URL:        https://stokespace.com/careers/current-openings?gh_jid=5710886004
  Matched:    title contains "Engineer" -> "Software Engineer, Data Visualization "
  Updated:    2026-01-09T15:01:09-05:00
  --------------------------------------------------------------------

  Title:      Sr. Valves and Actuator Engineer   
  ID:         5708856004
  Location:   Kent, Washington
  Department: 
  URL:        https://stokespace.com/careers/current-openings?gh_jid=5708856004
  Matched:    title contains "Engineer" -> "Sr. Valves and Actuator Engineer   "
  Updated:    2026-01-09T13:38:10-05:00
  --------------------------------------------------------------------

  Title:      Test Engineer
  ID:         5708088004
  Location:   Moses Lake, Washington
  Department: 
  URL:        https://stokespace.com/careers/current-openings?gh_jid=5708088004
  Matched:    title contains "Engineer" -> "Test Engineer"
  Updated:    2026-01-09T13:38:39-05:00
  --------------------------------------------------------------------

  Title:      Test Stand Design Engineer
  ID:         5755856004
  Location:   Moses Lake, Washington
  Department: 
  URL:        https://stokespace.com/careers/current-openings?gh_jid=5755856004
  Matched:    title contains "Engineer" -> "Test Stand Design Engineer"
  Updated:    2026-01-22T12:35:19-05:00
  --------------------------------------------------------------------

  Title:      Turbomachinery Engineer
  ID:         5628898004
  Location:   Kent, Washington
  Department: 
  URL:        https://stokespace.com/careers/current-openings?gh_jid=5628898004
  Matched:    title contains "Engineer" -> "Turbomachinery Engineer"
  Updated:    2026-01-09T13:41:18-05:00
  --------------------------------------------------------------------

  Title:      Valves and Actuator Engineer   
  ID:         5710310004
  Location:   Kent, Washington
  Department: 
  URL:        https://stokespace.com/careers/current-openings?gh_jid=5710310004
  Matched:    title contains "Engineer" -> "Valves and Actuator Engineer   "
  Updated:    2026-01-08T18:05:36-05:00
  --------------------------------------------------------------------
